#
# There is insufficient memory for the Java Runtime Environment to continue.
# Native memory allocation (mmap) failed to map 56623104 bytes for Failed to commit area from 0x0000000089a00000 to 0x000000008d000000 of length 56623104.
# Possible reasons:
#   The system is out of physical RAM or swap space
#   The process is running with CompressedOops enabled, and the Java Heap may be blocking the growth of the native heap
# Possible solutions:
#   Reduce memory load on the system
#   Increase physical memory or swap space
#   Check if swap backing store is full
#   Decrease Java heap size (-Xmx/-Xms)
#   Decrease number of Java threads
#   Decrease Java thread stack sizes (-Xss)
#   Set larger code cache with -XX:ReservedCodeCacheSize=
#   JVM is running with Unscaled Compressed Oops mode in which the Java heap is
#     placed in the first 4GB address space. The Java Heap base address is the
#     maximum limit for the native heap growth. Please use -XX:HeapBaseMinAddress
#     to set the Java Heap base and to place the Java Heap above 4GB virtual address.
# This output file may be truncated or incomplete.
#
#  Out of Memory Error (./open/src/hotspot/os/windows/os_windows.cpp:3276), pid=11624, tid=1472
#
# JRE version: Java(TM) SE Runtime Environment 18.9 (11.0.13+10) (build 11.0.13+10-LTS-370)
# Java VM: Java HotSpot(TM) 64-Bit Server VM 18.9 (11.0.13+10-LTS-370, mixed mode, tiered, compressed oops, g1 gc, windows-amd64)
# No core dump will be written. Minidumps are not enabled by default on client versions of Windows
#

---------------  S U M M A R Y ------------

Command Line: -Dcom.sun.management.jmxremote -Dcom.sun.management.jmxremote.port=63273 -Dcom.sun.management.jmxremote.authenticate=false -Dcom.sun.management.jmxremote.ssl=false -Djava.rmi.server.hostname=localhost -Dspring.jmx.enabled=true -Dspring.application.admin.enabled=true -XX:TieredStopAtLevel=1 -Dspring.boot.project.name=EurekaDiscoveryClient-1 -Dfile.encoding=UTF-8 com.demo.EurekaDiscoveryClient1Application --spring.output.ansi.enabled=always

Host: Intel(R) Xeon(R) Platinum 8171M CPU @ 2.60GHz, 2 cores, 7G,  Windows 10 , 64 bit Build 19041 (10.0.19041.1706)
Time: Thu May 26 07:14:45 2022 Coordinated Universal Time elapsed time: 8.228519 seconds (0d 0h 0m 8s)

---------------  T H R E A D  ---------------

Current thread (0x000001fbe9094000):  VMThread "VM Thread" [stack: 0x0000004985800000,0x0000004985900000] [id=1472]

Stack: [0x0000004985800000,0x0000004985900000]
[error occurred during error reporting (printing stack bounds), id 0xc0000005, EXCEPTION_ACCESS_VIOLATION (0xc0000005) at pc=0x000001fbd2c80f2d]

Native frames: (J=compiled Java code, j=interpreted, Vv=VM code, C=native code)
V  [jvm.dll+0x62870a]
V  [jvm.dll+0x761f2f]
V  [jvm.dll+0x7635d9]
V  [jvm.dll+0x763bc5]
V  [jvm.dll+0x763b7b]
V  [jvm.dll+0x627c53]
V  [jvm.dll+0x628308]
C  [ntdll.dll+0xa209f]
C  [ntdll.dll+0x51454]
C  [ntdll.dll+0xa0bce]
C  0x000001fbd2c80f2d

VM_Operation (0x00000049852f7280): G1CollectForAllocation, mode: safepoint, requested by thread 0x000001fbc9e64000


---------------  P R O C E S S  ---------------

Threads class SMR info:
_java_thread_list=0x000001fbea2b0b40, length=21, elements={
0x000001fbc9e64000, 0x000001fbe90a7800, 0x000001fbe909e800, 0x000001fbe90b5000,
0x000001fbe90b6000, 0x000001fbe90b8000, 0x000001fbe90bc800, 0x000001fbe90df800,
0x000001fbc9f3d000, 0x000001fbea0f2800, 0x000001fbea0f3800, 0x000001fbea139000,
0x000001fbea493000, 0x000001fbea4ca800, 0x000001fbea4e8800, 0x000001fbea4bb800,
0x000001fbeb9b0800, 0x000001fbeb9b3000, 0x000001fbeb9ad800, 0x000001fbeb9af000,
0x000001fbeb9af800
}

Java Threads: ( => current thread )
  0x000001fbc9e64000 JavaThread "main" [_thread_blocked, id=10696, stack(0x0000004985200000,0x0000004985300000)]
  0x000001fbe90a7800 JavaThread "Reference Handler" daemon [_thread_blocked, id=11748, stack(0x0000004985900000,0x0000004985a00000)]
  0x000001fbe909e800 JavaThread "Finalizer" daemon [_thread_blocked, id=6540, stack(0x0000004985a00000,0x0000004985b00000)]
  0x000001fbe90b5000 JavaThread "Signal Dispatcher" daemon [_thread_blocked, id=3996, stack(0x0000004985b00000,0x0000004985c00000)]
  0x000001fbe90b6000 JavaThread "Attach Listener" daemon [_thread_blocked, id=11680, stack(0x0000004985c00000,0x0000004985d00000)]
  0x000001fbe90b8000 JavaThread "Service Thread" daemon [_thread_blocked, id=5288, stack(0x0000004985d00000,0x0000004985e00000)]
  0x000001fbe90bc800 JavaThread "C1 CompilerThread0" daemon [_thread_blocked, id=10632, stack(0x0000004985e00000,0x0000004985f00000)]
  0x000001fbe90df800 JavaThread "Sweeper thread" daemon [_thread_blocked, id=488, stack(0x0000004985f00000,0x0000004986000000)]
  0x000001fbc9f3d000 JavaThread "Common-Cleaner" daemon [_thread_blocked, id=7004, stack(0x0000004986000000,0x0000004986100000)]
  0x000001fbea0f2800 JavaThread "RMI TCP Accept-0" daemon [_thread_in_native, id=6364, stack(0x0000004986200000,0x0000004986300000)]
  0x000001fbea0f3800 JavaThread "RMI TCP Accept-63273" daemon [_thread_in_native, id=7216, stack(0x0000004986300000,0x0000004986400000)]
  0x000001fbea139000 JavaThread "RMI TCP Accept-0" daemon [_thread_in_native, id=6348, stack(0x0000004986400000,0x0000004986500000)]
  0x000001fbea493000 JavaThread "RMI TCP Connection(1)-127.0.0.1" daemon [_thread_in_native, id=3112, stack(0x0000004986600000,0x0000004986700000)]
  0x000001fbea4ca800 JavaThread "RMI TCP Connection(2)-127.0.0.1" daemon [_thread_in_native, id=7044, stack(0x0000004986700000,0x0000004986800000)]
  0x000001fbea4e8800 JavaThread "RMI Scheduler(0)" daemon [_thread_blocked, id=11912, stack(0x0000004986800000,0x0000004986900000)]
  0x000001fbea4bb800 JavaThread "JMX server connection timeout 18" daemon [_thread_blocked, id=8692, stack(0x0000004986900000,0x0000004986a00000)]
  0x000001fbeb9b0800 JavaThread "Catalina-utility-1" [_thread_blocked, id=6700, stack(0x0000004986a00000,0x0000004986b00000)]
  0x000001fbeb9b3000 JavaThread "Catalina-utility-2" [_thread_blocked, id=3768, stack(0x0000004986b00000,0x0000004986c00000)]
  0x000001fbeb9ad800 JavaThread "container-0" [_thread_blocked, id=3100, stack(0x0000004986c00000,0x0000004986d00000)]
  0x000001fbeb9af000 JavaThread "spring.cloud.inetutils" daemon [_thread_blocked, id=3564, stack(0x0000004986d00000,0x0000004986e00000)]
  0x000001fbeb9af800 JavaThread "AsyncResolver-bootstrap-0" daemon [_thread_blocked, id=8144, stack(0x0000004986e00000,0x0000004986f00000)]

Other Threads:
=>0x000001fbe9094000 VMThread "VM Thread" [stack: 0x0000004985800000,0x0000004985900000] [id=1472]
  0x000001fbea127000 WatcherThread [stack: 0x0000004986500000,0x0000004986600000] [id=12056]
  0x000001fbc9e7a000 GCTaskThread "GC Thread#0" [stack: 0x0000004985300000,0x0000004985400000] [id=6684]
  0x000001fbe9c06800 GCTaskThread "GC Thread#1" [stack: 0x0000004986100000,0x0000004986200000] [id=11364]
  0x000001fbc9ea9000 ConcurrentGCThread "G1 Main Marker" [stack: 0x0000004985400000,0x0000004985500000] [id=6904]
  0x000001fbc9ead000 ConcurrentGCThread "G1 Conc#0" [stack: 0x0000004985500000,0x0000004985600000] [id=3740]
  0x000001fbc9f32000 ConcurrentGCThread "G1 Refine#0" [stack: 0x0000004985600000,0x0000004985700000] [id=7036]
  0x000001fbc9f35800 ConcurrentGCThread "G1 Young RemSet Sampling" [stack: 0x0000004985700000,0x0000004985800000] [id=11492]

Threads with active compile tasks:
C1 CompilerThread0   8241 4113       1       com.fasterxml.jackson.databind.type.TypeFactory::_fromClass (314 bytes)

VM state:at safepoint (normal execution)

VM Mutex/Monitor currently owned by a thread:  ([mutex/lock_event])
[0x000001fbc9e61210] Threads_lock - owner thread: 0x000001fbe9094000
[0x000001fbc9e61570] Heap_lock - owner thread: 0x000001fbc9e64000

Heap address: 0x0000000080000000, size: 2048 MB, Compressed Oops mode: 32-bit
Narrow klass base: 0x0000000000000000, Narrow klass shift: 3
Compressed class space size: 1073741824 Address: 0x0000000100000000

Heap:
 garbage-first heap   total 212992K, used 20125K [0x0000000080000000, 0x0000000100000000)
  region size 1024K, 12 young (12288K), 12 survivors (12288K)
 Metaspace       used 44033K, capacity 45451K, committed 45568K, reserved 1089536K
  class space    used 5768K, capacity 6335K, committed 6400K, reserved 1048576K
Heap Regions: E=young(eden), S=young(survivor), O=old, HS=humongous(starts), HC=humongous(continues), CS=collection set, F=free, A=archive, TAMS=top-at-mark-start (previous, next)
|   0|0x0000000080000000, 0x0000000080100000, 0x0000000080100000|100%| O|  |TAMS 0x0000000080100000, 0x0000000080000000| Untracked 
|   1|0x0000000080100000, 0x0000000080200000, 0x0000000080200000|100%| O|  |TAMS 0x0000000080200000, 0x0000000080100000| Untracked 
|   2|0x0000000080200000, 0x0000000080300000, 0x0000000080300000|100%| O|  |TAMS 0x0000000080300000, 0x0000000080200000| Untracked 
|   3|0x0000000080300000, 0x0000000080400000, 0x0000000080400000|100%| O|  |TAMS 0x0000000080400000, 0x0000000080300000| Untracked 
|   4|0x0000000080400000, 0x0000000080500000, 0x0000000080500000|100%| O|  |TAMS 0x0000000080500000, 0x0000000080400000| Untracked 
|   5|0x0000000080500000, 0x0000000080600000, 0x0000000080600000|100%| O|  |TAMS 0x0000000080524a00, 0x0000000080500000| Untracked 
|   6|0x0000000080600000, 0x0000000080700000, 0x0000000080700000|100%| O|  |TAMS 0x0000000080600000, 0x0000000080600000| Untracked 
|   7|0x0000000080700000, 0x0000000080800000, 0x0000000080800000|100%| O|  |TAMS 0x0000000080700000, 0x0000000080700000| Untracked 
|   8|0x0000000080800000, 0x0000000080827400, 0x0000000080900000| 15%| O|  |TAMS 0x0000000080800000, 0x0000000080800000| Untracked 
|   9|0x0000000080900000, 0x0000000080900000, 0x0000000080a00000|  0%| F|  |TAMS 0x0000000080900000, 0x0000000080900000| Untracked 
|  10|0x0000000080a00000, 0x0000000080a00000, 0x0000000080b00000|  0%| F|  |TAMS 0x0000000080a00000, 0x0000000080a00000| Untracked 
|  11|0x0000000080b00000, 0x0000000080b00000, 0x0000000080c00000|  0%| F|  |TAMS 0x0000000080b00000, 0x0000000080b00000| Untracked 
|  12|0x0000000080c00000, 0x0000000080c00000, 0x0000000080d00000|  0%| F|  |TAMS 0x0000000080c00000, 0x0000000080c00000| Untracked 
|  13|0x0000000080d00000, 0x0000000080d00000, 0x0000000080e00000|  0%| F|  |TAMS 0x0000000080d00000, 0x0000000080d00000| Untracked 
|  14|0x0000000080e00000, 0x0000000080e00000, 0x0000000080f00000|  0%| F|  |TAMS 0x0000000080e00000, 0x0000000080e00000| Untracked 
|  15|0x0000000080f00000, 0x0000000080f00000, 0x0000000081000000|  0%| F|  |TAMS 0x0000000080f00000, 0x0000000080f00000| Untracked 
|  16|0x0000000081000000, 0x0000000081000000, 0x0000000081100000|  0%| F|  |TAMS 0x0000000081000000, 0x0000000081000000| Untracked 
|  17|0x0000000081100000, 0x0000000081100000, 0x0000000081200000|  0%| F|  |TAMS 0x0000000081100000, 0x0000000081100000| Untracked 
|  18|0x0000000081200000, 0x0000000081200000, 0x0000000081300000|  0%| F|  |TAMS 0x0000000081200000, 0x0000000081200000| Untracked 
|  19|0x0000000081300000, 0x0000000081300000, 0x0000000081400000|  0%| F|  |TAMS 0x0000000081300000, 0x0000000081300000| Untracked 
|  20|0x0000000081400000, 0x0000000081400000, 0x0000000081500000|  0%| F|  |TAMS 0x0000000081400000, 0x0000000081400000| Untracked 
|  21|0x0000000081500000, 0x0000000081500000, 0x0000000081600000|  0%| F|  |TAMS 0x0000000081500000, 0x0000000081500000| Untracked 
|  22|0x0000000081600000, 0x0000000081600000, 0x0000000081700000|  0%| F|  |TAMS 0x0000000081600000, 0x0000000081600000| Untracked 
|  23|0x0000000081700000, 0x0000000081700000, 0x0000000081800000|  0%| F|  |TAMS 0x0000000081700000, 0x0000000081700000| Untracked 
|  24|0x0000000081800000, 0x0000000081800000, 0x0000000081900000|  0%| F|  |TAMS 0x0000000081800000, 0x0000000081800000| Untracked 
|  25|0x0000000081900000, 0x0000000081900000, 0x0000000081a00000|  0%| F|  |TAMS 0x0000000081900000, 0x0000000081900000| Untracked 
|  26|0x0000000081a00000, 0x0000000081a00000, 0x0000000081b00000|  0%| F|  |TAMS 0x0000000081a00000, 0x0000000081a00000| Untracked 
|  27|0x0000000081b00000, 0x0000000081b00000, 0x0000000081c00000|  0%| F|  |TAMS 0x0000000081b00000, 0x0000000081b00000| Untracked 
|  28|0x0000000081c00000, 0x0000000081c00000, 0x0000000081d00000|  0%| F|  |TAMS 0x0000000081c00000, 0x0000000081c00000| Untracked 
|  29|0x0000000081d00000, 0x0000000081d00000, 0x0000000081e00000|  0%| F|  |TAMS 0x0000000081d00000, 0x0000000081d00000| Untracked 
|  30|0x0000000081e00000, 0x0000000081e00000, 0x0000000081f00000|  0%| F|  |TAMS 0x0000000081e00000, 0x0000000081e00000| Untracked 
|  31|0x0000000081f00000, 0x0000000081f00000, 0x0000000082000000|  0%| F|  |TAMS 0x0000000081f00000, 0x0000000081f00000| Untracked 
|  32|0x0000000082000000, 0x0000000082000000, 0x0000000082100000|  0%| F|  |TAMS 0x0000000082000000, 0x0000000082000000| Untracked 
|  33|0x0000000082100000, 0x0000000082100000, 0x0000000082200000|  0%| F|  |TAMS 0x0000000082100000, 0x0000000082100000| Untracked 
|  34|0x0000000082200000, 0x0000000082200000, 0x0000000082300000|  0%| F|  |TAMS 0x0000000082200000, 0x0000000082200000| Untracked 
|  35|0x0000000082300000, 0x0000000082300000, 0x0000000082400000|  0%| F|  |TAMS 0x0000000082300000, 0x0000000082300000| Untracked 
|  36|0x0000000082400000, 0x0000000082400000, 0x0000000082500000|  0%| F|  |TAMS 0x0000000082400000, 0x0000000082400000| Untracked 
|  37|0x0000000082500000, 0x0000000082500000, 0x0000000082600000|  0%| F|  |TAMS 0x0000000082500000, 0x0000000082500000| Untracked 
|  38|0x0000000082600000, 0x0000000082600000, 0x0000000082700000|  0%| F|  |TAMS 0x0000000082600000, 0x0000000082600000| Untracked 
|  39|0x0000000082700000, 0x0000000082700000, 0x0000000082800000|  0%| F|  |TAMS 0x0000000082700000, 0x0000000082700000| Untracked 
|  40|0x0000000082800000, 0x0000000082800000, 0x0000000082900000|  0%| F|  |TAMS 0x0000000082800000, 0x0000000082800000| Untracked 
|  41|0x0000000082900000, 0x0000000082900000, 0x0000000082a00000|  0%| F|  |TAMS 0x0000000082900000, 0x0000000082900000| Untracked 
|  42|0x0000000082a00000, 0x0000000082a00000, 0x0000000082b00000|  0%| F|  |TAMS 0x0000000082a00000, 0x0000000082a00000| Untracked 
|  43|0x0000000082b00000, 0x0000000082b00000, 0x0000000082c00000|  0%| F|  |TAMS 0x0000000082b00000, 0x0000000082b00000| Untracked 
|  44|0x0000000082c00000, 0x0000000082c00000, 0x0000000082d00000|  0%| F|  |TAMS 0x0000000082c00000, 0x0000000082c00000| Untracked 
|  45|0x0000000082d00000, 0x0000000082d00000, 0x0000000082e00000|  0%| F|  |TAMS 0x0000000082d00000, 0x0000000082d00000| Untracked 
|  46|0x0000000082e00000, 0x0000000082e00000, 0x0000000082f00000|  0%| F|  |TAMS 0x0000000082e00000, 0x0000000082e00000| Untracked 
|  47|0x0000000082f00000, 0x0000000082f00000, 0x0000000083000000|  0%| F|  |TAMS 0x0000000082f00000, 0x0000000082f00000| Untracked 
|  48|0x0000000083000000, 0x0000000083000000, 0x0000000083100000|  0%| F|  |TAMS 0x0000000083000000, 0x0000000083000000| Untracked 
|  49|0x0000000083100000, 0x0000000083100000, 0x0000000083200000|  0%| F|  |TAMS 0x0000000083100000, 0x0000000083100000| Untracked 
|  50|0x0000000083200000, 0x0000000083280000, 0x0000000083300000| 50%| S|CS|TAMS 0x0000000083200000, 0x0000000083200000| Complete 
|  51|0x0000000083300000, 0x0000000083400000, 0x0000000083400000|100%| S|CS|TAMS 0x0000000083300000, 0x0000000083300000| Complete 
|  52|0x0000000083400000, 0x0000000083500000, 0x0000000083500000|100%| S|CS|TAMS 0x0000000083400000, 0x0000000083400000| Complete 
|  53|0x0000000083500000, 0x0000000083600000, 0x0000000083600000|100%| S|CS|TAMS 0x0000000083500000, 0x0000000083500000| Complete 
|  54|0x0000000083600000, 0x0000000083700000, 0x0000000083700000|100%| S|CS|TAMS 0x0000000083600000, 0x0000000083600000| Complete 
|  55|0x0000000083700000, 0x0000000083800000, 0x0000000083800000|100%| S|CS|TAMS 0x0000000083700000, 0x0000000083700000| Complete 
|  56|0x0000000083800000, 0x0000000083900000, 0x0000000083900000|100%| S|CS|TAMS 0x0000000083800000, 0x0000000083800000| Complete 
|  57|0x0000000083900000, 0x0000000083a00000, 0x0000000083a00000|100%| S|CS|TAMS 0x0000000083900000, 0x0000000083900000| Complete 
|  58|0x0000000083a00000, 0x0000000083b00000, 0x0000000083b00000|100%| S|CS|TAMS 0x0000000083a00000, 0x0000000083a00000| Complete 
|  59|0x0000000083b00000, 0x0000000083c00000, 0x0000000083c00000|100%| S|CS|TAMS 0x0000000083b00000, 0x0000000083b00000| Complete 
|  60|0x0000000083c00000, 0x0000000083d00000, 0x0000000083d00000|100%| S|CS|TAMS 0x0000000083c00000, 0x0000000083c00000| Complete 
|  61|0x0000000083d00000, 0x0000000083e00000, 0x0000000083e00000|100%| S|CS|TAMS 0x0000000083d00000, 0x0000000083d00000| Complete 
|  62|0x0000000083e00000, 0x0000000083e00000, 0x0000000083f00000|  0%| F|  |TAMS 0x0000000083e00000, 0x0000000083e00000| Untracked 
|  63|0x0000000083f00000, 0x0000000083f00000, 0x0000000084000000|  0%| F|  |TAMS 0x0000000083f00000, 0x0000000083f00000| Untracked 
|  64|0x0000000084000000, 0x0000000084000000, 0x0000000084100000|  0%| F|  |TAMS 0x0000000084000000, 0x0000000084000000| Untracked 
|  65|0x0000000084100000, 0x0000000084100000, 0x0000000084200000|  0%| F|  |TAMS 0x0000000084100000, 0x0000000084100000| Untracked 
|  66|0x0000000084200000, 0x0000000084200000, 0x0000000084300000|  0%| F|  |TAMS 0x0000000084200000, 0x0000000084200000| Untracked 
|  67|0x0000000084300000, 0x0000000084300000, 0x0000000084400000|  0%| F|  |TAMS 0x0000000084300000, 0x0000000084300000| Untracked 
|  68|0x0000000084400000, 0x0000000084400000, 0x0000000084500000|  0%| F|  |TAMS 0x0000000084400000, 0x0000000084400000| Untracked 
|  69|0x0000000084500000, 0x0000000084500000, 0x0000000084600000|  0%| F|  |TAMS 0x0000000084500000, 0x0000000084500000| Untracked 
|  70|0x0000000084600000, 0x0000000084600000, 0x0000000084700000|  0%| F|  |TAMS 0x0000000084600000, 0x0000000084600000| Untracked 
|  71|0x0000000084700000, 0x0000000084700000, 0x0000000084800000|  0%| F|  |TAMS 0x0000000084700000, 0x0000000084700000| Untracked 
|  72|0x0000000084800000, 0x0000000084800000, 0x0000000084900000|  0%| F|  |TAMS 0x0000000084800000, 0x0000000084800000| Untracked 
|  73|0x0000000084900000, 0x0000000084900000, 0x0000000084a00000|  0%| F|  |TAMS 0x0000000084900000, 0x0000000084900000| Untracked 
|  74|0x0000000084a00000, 0x0000000084a00000, 0x0000000084b00000|  0%| F|  |TAMS 0x0000000084a00000, 0x0000000084a00000| Untracked 
|  75|0x0000000084b00000, 0x0000000084b00000, 0x0000000084c00000|  0%| F|  |TAMS 0x0000000084b00000, 0x0000000084b00000| Untracked 
|  76|0x0000000084c00000, 0x0000000084c00000, 0x0000000084d00000|  0%| F|  |TAMS 0x0000000084c00000, 0x0000000084c00000| Untracked 
|  77|0x0000000084d00000, 0x0000000084d00000, 0x0000000084e00000|  0%| F|  |TAMS 0x0000000084d00000, 0x0000000084d00000| Untracked 
|  78|0x0000000084e00000, 0x0000000084e00000, 0x0000000084f00000|  0%| F|  |TAMS 0x0000000084e00000, 0x0000000084e00000| Untracked 
|  79|0x0000000084f00000, 0x0000000084f00000, 0x0000000085000000|  0%| F|  |TAMS 0x0000000084f00000, 0x0000000084f00000| Untracked 
|  80|0x0000000085000000, 0x0000000085000000, 0x0000000085100000|  0%| F|  |TAMS 0x0000000085000000, 0x0000000085000000| Untracked 
|  81|0x0000000085100000, 0x0000000085100000, 0x0000000085200000|  0%| F|  |TAMS 0x0000000085100000, 0x0000000085100000| Untracked 
|  82|0x0000000085200000, 0x0000000085200000, 0x0000000085300000|  0%| F|  |TAMS 0x0000000085200000, 0x0000000085200000| Untracked 
|  83|0x0000000085300000, 0x0000000085300000, 0x0000000085400000|  0%| F|  |TAMS 0x0000000085300000, 0x0000000085300000| Untracked 
|  84|0x0000000085400000, 0x0000000085400000, 0x0000000085500000|  0%| F|  |TAMS 0x0000000085400000, 0x0000000085400000| Untracked 
|  85|0x0000000085500000, 0x0000000085500000, 0x0000000085600000|  0%| F|  |TAMS 0x0000000085500000, 0x0000000085500000| Untracked 
|  86|0x0000000085600000, 0x0000000085600000, 0x0000000085700000|  0%| F|  |TAMS 0x0000000085600000, 0x0000000085600000| Untracked 
|  87|0x0000000085700000, 0x0000000085700000, 0x0000000085800000|  0%| F|  |TAMS 0x0000000085700000, 0x0000000085700000| Untracked 
|  88|0x0000000085800000, 0x0000000085800000, 0x0000000085900000|  0%| F|  |TAMS 0x0000000085800000, 0x0000000085800000| Untracked 
|  89|0x0000000085900000, 0x0000000085900000, 0x0000000085a00000|  0%| F|  |TAMS 0x0000000085900000, 0x0000000085900000| Untracked 
|  90|0x0000000085a00000, 0x0000000085a00000, 0x0000000085b00000|  0%| F|  |TAMS 0x0000000085a00000, 0x0000000085a00000| Untracked 
|  91|0x0000000085b00000, 0x0000000085b00000, 0x0000000085c00000|  0%| F|  |TAMS 0x0000000085b00000, 0x0000000085b00000| Untracked 
|  92|0x0000000085c00000, 0x0000000085c00000, 0x0000000085d00000|  0%| F|  |TAMS 0x0000000085c00000, 0x0000000085c00000| Untracked 
|  93|0x0000000085d00000, 0x0000000085d00000, 0x0000000085e00000|  0%| F|  |TAMS 0x0000000085d00000, 0x0000000085d00000| Untracked 
|  94|0x0000000085e00000, 0x0000000085e00000, 0x0000000085f00000|  0%| F|  |TAMS 0x0000000085e00000, 0x0000000085e00000| Untracked 
|  95|0x0000000085f00000, 0x0000000085f00000, 0x0000000086000000|  0%| F|  |TAMS 0x0000000085f00000, 0x0000000085f00000| Untracked 
|  96|0x0000000086000000, 0x0000000086000000, 0x0000000086100000|  0%| F|  |TAMS 0x0000000086000000, 0x0000000086000000| Untracked 
|  97|0x0000000086100000, 0x0000000086100000, 0x0000000086200000|  0%| F|  |TAMS 0x0000000086100000, 0x0000000086100000| Untracked 
|  98|0x0000000086200000, 0x0000000086200000, 0x0000000086300000|  0%| F|  |TAMS 0x0000000086200000, 0x0000000086200000| Untracked 
|  99|0x0000000086300000, 0x0000000086300000, 0x0000000086400000|  0%| F|  |TAMS 0x0000000086300000, 0x0000000086300000| Untracked 
| 100|0x0000000086400000, 0x0000000086400000, 0x0000000086500000|  0%| F|  |TAMS 0x0000000086400000, 0x0000000086400000| Untracked 
| 101|0x0000000086500000, 0x0000000086500000, 0x0000000086600000|  0%| F|  |TAMS 0x0000000086500000, 0x0000000086500000| Untracked 
| 102|0x0000000086600000, 0x0000000086600000, 0x0000000086700000|  0%| F|  |TAMS 0x0000000086600000, 0x0000000086600000| Untracked 
| 103|0x0000000086700000, 0x0000000086700000, 0x0000000086800000|  0%| F|  |TAMS 0x0000000086700000, 0x0000000086700000| Untracked 
| 104|0x0000000086800000, 0x0000000086800000, 0x0000000086900000|  0%| F|  |TAMS 0x0000000086800000, 0x0000000086800000| Untracked 
| 105|0x0000000086900000, 0x0000000086900000, 0x0000000086a00000|  0%| F|  |TAMS 0x0000000086900000, 0x0000000086900000| Untracked 
| 106|0x0000000086a00000, 0x0000000086a00000, 0x0000000086b00000|  0%| F|  |TAMS 0x0000000086a00000, 0x0000000086a00000| Untracked 
| 107|0x0000000086b00000, 0x0000000086b00000, 0x0000000086c00000|  0%| F|  |TAMS 0x0000000086b00000, 0x0000000086b00000| Untracked 
| 108|0x0000000086c00000, 0x0000000086c00000, 0x0000000086d00000|  0%| F|  |TAMS 0x0000000086c00000, 0x0000000086c00000| Untracked 
| 109|0x0000000086d00000, 0x0000000086d00000, 0x0000000086e00000|  0%| F|  |TAMS 0x0000000086d00000, 0x0000000086d00000| Untracked 
| 110|0x0000000086e00000, 0x0000000086e00000, 0x0000000086f00000|  0%| F|  |TAMS 0x0000000086e00000, 0x0000000086e00000| Untracked 
| 111|0x0000000086f00000, 0x0000000086f00000, 0x0000000087000000|  0%| F|  |TAMS 0x0000000086f00000, 0x0000000086f00000| Untracked 
| 112|0x0000000087000000, 0x0000000087000000, 0x0000000087100000|  0%| F|  |TAMS 0x0000000087000000, 0x0000000087000000| Untracked 
| 113|0x0000000087100000, 0x0000000087100000, 0x0000000087200000|  0%| F|  |TAMS 0x0000000087100000, 0x0000000087100000| Untracked 
| 114|0x0000000087200000, 0x0000000087200000, 0x0000000087300000|  0%| F|  |TAMS 0x0000000087200000, 0x0000000087200000| Untracked 
| 115|0x0000000087300000, 0x0000000087300000, 0x0000000087400000|  0%| F|  |TAMS 0x0000000087300000, 0x0000000087300000| Untracked 
| 116|0x0000000087400000, 0x0000000087400000, 0x0000000087500000|  0%| F|  |TAMS 0x0000000087400000, 0x0000000087400000| Untracked 
| 117|0x0000000087500000, 0x0000000087500000, 0x0000000087600000|  0%| F|  |TAMS 0x0000000087500000, 0x0000000087500000| Untracked 
| 118|0x0000000087600000, 0x0000000087600000, 0x0000000087700000|  0%| F|  |TAMS 0x0000000087600000, 0x0000000087600000| Untracked 
| 119|0x0000000087700000, 0x0000000087700000, 0x0000000087800000|  0%| F|  |TAMS 0x0000000087700000, 0x0000000087700000| Untracked 
| 120|0x0000000087800000, 0x0000000087800000, 0x0000000087900000|  0%| F|  |TAMS 0x0000000087800000, 0x0000000087800000| Untracked 
| 121|0x0000000087900000, 0x0000000087900000, 0x0000000087a00000|  0%| F|  |TAMS 0x0000000087900000, 0x0000000087900000| Untracked 
| 122|0x0000000087a00000, 0x0000000087a00000, 0x0000000087b00000|  0%| F|  |TAMS 0x0000000087a00000, 0x0000000087a00000| Untracked 
| 123|0x0000000087b00000, 0x0000000087b00000, 0x0000000087c00000|  0%| F|  |TAMS 0x0000000087b00000, 0x0000000087b00000| Untracked 
| 124|0x0000000087c00000, 0x0000000087c00000, 0x0000000087d00000|  0%| F|  |TAMS 0x0000000087c00000, 0x0000000087c00000| Untracked 
| 125|0x0000000087d00000, 0x0000000087d00000, 0x0000000087e00000|  0%| F|  |TAMS 0x0000000087d00000, 0x0000000087d00000| Untracked 
| 126|0x0000000087e00000, 0x0000000087e00000, 0x0000000087f00000|  0%| F|  |TAMS 0x0000000087e00000, 0x0000000087e00000| Untracked 
| 127|0x0000000087f00000, 0x0000000087f00000, 0x0000000088000000|  0%| F|  |TAMS 0x0000000087f00000, 0x0000000087f00000| Untracked 
| 128|0x0000000088000000, 0x0000000088000000, 0x0000000088100000|  0%| F|  |TAMS 0x0000000088000000, 0x0000000088000000| Untracked 
| 129|0x0000000088100000, 0x0000000088100000, 0x0000000088200000|  0%| F|  |TAMS 0x0000000088100000, 0x0000000088100000| Untracked 
| 130|0x0000000088200000, 0x0000000088200000, 0x0000000088300000|  0%| F|  |TAMS 0x0000000088200000, 0x0000000088200000| Untracked 
| 131|0x0000000088300000, 0x0000000088300000, 0x0000000088400000|  0%| F|  |TAMS 0x0000000088300000, 0x0000000088300000| Untracked 
| 132|0x0000000088400000, 0x0000000088400000, 0x0000000088500000|  0%| F|  |TAMS 0x0000000088400000, 0x0000000088400000| Untracked 
| 133|0x0000000088500000, 0x0000000088500000, 0x0000000088600000|  0%| F|  |TAMS 0x0000000088500000, 0x0000000088500000| Untracked 
| 134|0x0000000088600000, 0x0000000088600000, 0x0000000088700000|  0%| F|  |TAMS 0x0000000088600000, 0x0000000088600000| Untracked 
| 135|0x0000000088700000, 0x0000000088700000, 0x0000000088800000|  0%| F|  |TAMS 0x0000000088700000, 0x0000000088700000| Untracked 
| 136|0x0000000088800000, 0x0000000088800000, 0x0000000088900000|  0%| F|  |TAMS 0x0000000088800000, 0x0000000088800000| Untracked 
| 137|0x0000000088900000, 0x0000000088900000, 0x0000000088a00000|  0%| F|  |TAMS 0x0000000088900000, 0x0000000088900000| Untracked 
| 138|0x0000000088a00000, 0x0000000088a00000, 0x0000000088b00000|  0%| F|  |TAMS 0x0000000088a00000, 0x0000000088a00000| Untracked 
| 139|0x0000000088b00000, 0x0000000088b00000, 0x0000000088c00000|  0%| F|  |TAMS 0x0000000088b00000, 0x0000000088b00000| Untracked 
| 140|0x0000000088c00000, 0x0000000088c00000, 0x0000000088d00000|  0%| F|  |TAMS 0x0000000088c00000, 0x0000000088c00000| Untracked 
| 141|0x0000000088d00000, 0x0000000088d00000, 0x0000000088e00000|  0%| F|  |TAMS 0x0000000088d00000, 0x0000000088d00000| Untracked 
| 142|0x0000000088e00000, 0x0000000088e00000, 0x0000000088f00000|  0%| F|  |TAMS 0x0000000088e00000, 0x0000000088e00000| Untracked 
| 143|0x0000000088f00000, 0x0000000088f00000, 0x0000000089000000|  0%| F|  |TAMS 0x0000000088f00000, 0x0000000088f00000| Untracked 
| 144|0x0000000089000000, 0x0000000089000000, 0x0000000089100000|  0%| F|  |TAMS 0x0000000089000000, 0x0000000089000000| Untracked 
| 145|0x0000000089100000, 0x0000000089100000, 0x0000000089200000|  0%| F|  |TAMS 0x0000000089100000, 0x0000000089100000| Untracked 
| 146|0x0000000089200000, 0x0000000089200000, 0x0000000089300000|  0%| F|  |TAMS 0x0000000089200000, 0x0000000089200000| Untracked 
| 147|0x0000000089300000, 0x0000000089300000, 0x0000000089400000|  0%| F|  |TAMS 0x0000000089300000, 0x0000000089300000| Untracked 
| 148|0x0000000089400000, 0x0000000089400000, 0x0000000089500000|  0%| F|  |TAMS 0x0000000089400000, 0x0000000089400000| Untracked 
| 149|0x0000000089500000, 0x0000000089500000, 0x0000000089600000|  0%| F|  |TAMS 0x0000000089500000, 0x0000000089500000| Untracked 
| 150|0x0000000089600000, 0x0000000089600000, 0x0000000089700000|  0%| F|  |TAMS 0x0000000089600000, 0x0000000089600000| Untracked 
| 151|0x0000000089700000, 0x0000000089700000, 0x0000000089800000|  0%| F|  |TAMS 0x0000000089700000, 0x0000000089700000| Untracked 
| 152|0x0000000089800000, 0x0000000089800000, 0x0000000089900000|  0%| F|  |TAMS 0x0000000089800000, 0x0000000089800000| Untracked 
| 153|0x0000000089900000, 0x0000000089900000, 0x0000000089a00000|  0%| F|  |TAMS 0x0000000089900000, 0x0000000089900000| Untracked 

Card table byte_map: [0x000001fbe2480000,0x000001fbe2880000] _byte_map_base: 0x000001fbe2080000

Marking Bits (Prev, Next): (CMBitMap*) 0x000001fbc9ea0338, (CMBitMap*) 0x000001fbc9ea0370
 Prev Bits: [0x000001fbe2c80000, 0x000001fbe4c80000)
 Next Bits: [0x000001fbe4c80000, 0x000001fbe6c80000)

Polling page: 0x000001fbc9f40000

Metaspace:

Usage:
  Non-class:     38.20 MB capacity,    37.37 MB ( 98%) used,   688.47 KB (  2%) free+waste,   162.50 KB ( <1%) overhead. 
      Class:      6.19 MB capacity,     5.63 MB ( 91%) used,   482.24 KB (  8%) free+waste,    84.44 KB (  1%) overhead. 
       Both:     44.39 MB capacity,    43.00 MB ( 97%) used,     1.14 MB (  3%) free+waste,   246.94 KB ( <1%) overhead. 

Virtual space:
  Non-class space:       40.00 MB reserved,      38.25 MB ( 96%) committed 
      Class space:        1.00 GB reserved,       6.25 MB ( <1%) committed 
             Both:        1.04 GB reserved,      44.50 MB (  4%) committed 

Chunk freelists:
   Non-Class:  6.50 KB
       Class:  128 bytes
        Both:  6.63 KB

CodeHeap 'non-profiled nmethods': size=239488Kb used=6328Kb max_used=6328Kb free=233159Kb
 bounds [0x000001fbd32a0000, 0x000001fbd38d0000, 0x000001fbe1c80000]
CodeHeap 'non-nmethods': size=6272Kb used=1172Kb max_used=1172Kb free=5099Kb
 bounds [0x000001fbd2c80000, 0x000001fbd2ef0000, 0x000001fbd32a0000]
 total_blobs=4628 nmethods=4113 adapters=441
 compilation: enabled
              stopped_count=0, restarted_count=0
 full_count=0

Compilation events (10 events):
Event: 8.165 Thread 0x000001fbe90bc800 nmethod 4109 0x000001fbd38cb690 code [0x000001fbd38cb820, 0x000001fbd38cb8d8]
Event: 8.165 Thread 0x000001fbe90bc800 4110       1       com.fasterxml.jackson.databind.introspect.AnnotationCollector$NoAnnotations::get (2 bytes)
Event: 8.165 Thread 0x000001fbe90bc800 nmethod 4110 0x000001fbd38cb990 code [0x000001fbd38cbb20, 0x000001fbd38cbbd8]
Event: 8.165 Thread 0x000001fbe90bc800 4111       1       com.fasterxml.jackson.databind.type.TypeFactory::_applyModifiers (120 bytes)
Event: 8.166 Thread 0x000001fbe90bc800 nmethod 4111 0x000001fbd38cbc90 code [0x000001fbd38cbee0, 0x000001fbd38cc7d8]
Event: 8.166 Thread 0x000001fbe90bc800 4112       1       com.fasterxml.jackson.databind.type.TypeFactory::_fromAny (171 bytes)
Event: 8.167 Thread 0x000001fbe90bc800 nmethod 4112 0x000001fbd38ccc10 code [0x000001fbd38ccee0, 0x000001fbd38cd9a8]
Event: 8.167 Thread 0x000001fbe90bc800 4115       1       com.fasterxml.jackson.databind.deser.SettableBeanProperty::getName (8 bytes)
Event: 8.167 Thread 0x000001fbe90bc800 nmethod 4115 0x000001fbd38cde90 code [0x000001fbd38ce020, 0x000001fbd38ce0d8]
Event: 8.167 Thread 0x000001fbe90bc800 4113       1       com.fasterxml.jackson.databind.type.TypeFactory::_fromClass (314 bytes)

GC Heap History (10 events):
Event: 1.795 GC heap after
{Heap after GC invocations=4 (full 0):
 garbage-first heap   total 131072K, used 7461K [0x0000000080000000, 0x0000000100000000)
  region size 1024K, 3 young (3072K), 3 survivors (3072K)
 Metaspace       used 15905K, capacity 16394K, committed 16640K, reserved 1064960K
  class space    used 1800K, capacity 2017K, committed 2048K, reserved 1048576K
}
Event: 2.602 GC heap before
{Heap before GC invocations=4 (full 0):
 garbage-first heap   total 131072K, used 31013K [0x0000000080000000, 0x0000000100000000)
  region size 1024K, 26 young (26624K), 3 survivors (3072K)
 Metaspace       used 19344K, capacity 19978K, committed 20224K, reserved 1067008K
  class space    used 2280K, capacity 2543K, committed 2560K, reserved 1048576K
}
Event: 2.616 GC heap after
{Heap after GC invocations=5 (full 0):
 garbage-first heap   total 157696K, used 8717K [0x0000000080000000, 0x0000000100000000)
  region size 1024K, 4 young (4096K), 4 survivors (4096K)
 Metaspace       used 19344K, capacity 19978K, committed 20224K, reserved 1067008K
  class space    used 2280K, capacity 2543K, committed 2560K, reserved 1048576K
}
Event: 2.743 GC heap before
{Heap before GC invocations=5 (full 0):
 garbage-first heap   total 157696K, used 18957K [0x0000000080000000, 0x0000000100000000)
  region size 1024K, 15 young (15360K), 4 survivors (4096K)
 Metaspace       used 20560K, capacity 21245K, committed 21296K, reserved 1069056K
  class space    used 2469K, capacity 2776K, committed 2816K, reserved 1048576K
}
Event: 2.756 GC heap after
{Heap after GC invocations=6 (full 0):
 garbage-first heap   total 157696K, used 9210K [0x0000000080000000, 0x0000000100000000)
  region size 1024K, 4 young (4096K), 4 survivors (4096K)
 Metaspace       used 20560K, capacity 21245K, committed 21296K, reserved 1069056K
  class space    used 2469K, capacity 2776K, committed 2816K, reserved 1048576K
}
Event: 4.086 GC heap before
{Heap before GC invocations=7 (full 0):
 garbage-first heap   total 157696K, used 92154K [0x0000000080000000, 0x0000000100000000)
  region size 1024K, 86 young (88064K), 4 survivors (4096K)
 Metaspace       used 28424K, capacity 29316K, committed 29568K, reserved 1075200K
  class space    used 3492K, capacity 3890K, committed 3968K, reserved 1048576K
}
Event: 4.108 GC heap after
{Heap after GC invocations=8 (full 0):
 garbage-first heap   total 157696K, used 11385K [0x0000000080000000, 0x0000000100000000)
  region size 1024K, 6 young (6144K), 6 survivors (6144K)
 Metaspace       used 28424K, capacity 29316K, committed 29568K, reserved 1075200K
  class space    used 3492K, capacity 3890K, committed 3968K, reserved 1048576K
}
Event: 5.638 GC heap before
{Heap before GC invocations=8 (full 0):
 garbage-first heap   total 157696K, used 92281K [0x0000000080000000, 0x0000000100000000)
  region size 1024K, 82 young (83968K), 6 survivors (6144K)
 Metaspace       used 34688K, capacity 35792K, committed 35840K, reserved 1081344K
  class space    used 4342K, capacity 4835K, committed 4864K, reserved 1048576K
}
Event: 5.665 GC heap after
{Heap after GC invocations=9 (full 0):
 garbage-first heap   total 157696K, used 14482K [0x0000000080000000, 0x0000000100000000)
  region size 1024K, 9 young (9216K), 9 survivors (9216K)
 Metaspace       used 34688K, capacity 35792K, committed 35840K, reserved 1081344K
  class space    used 4342K, capacity 4835K, committed 4864K, reserved 1048576K
}
Event: 8.168 GC heap before
{Heap before GC invocations=10 (full 0):
 garbage-first heap   total 157696K, used 99474K [0x0000000080000000, 0x0000000100000000)
  region size 1024K, 92 young (94208K), 9 survivors (9216K)
 Metaspace       used 44033K, capacity 45451K, committed 45568K, reserved 1089536K
  class space    used 5768K, capacity 6335K, committed 6400K, reserved 1048576K
}

Deoptimization events (0 events):
No events

Classes redefined (0 events):
No events

Internal exceptions (10 events):
Event: 7.370 Thread 0x000001fbc9e64000 Exception <a 'java/lang/ClassNotFoundException'{0x000000008623fef8}: org/springframework/context/ApplicationListenerCustomizer> (0x000000008623fef8) thrown at [./open/src/hotspot/share/classfile/systemDictionary.cpp, line 227]
Event: 7.371 Thread 0x000001fbc9e64000 Exception <a 'java/lang/ClassNotFoundException'{0x0000000086242430}: java/util/EventListenerCustomizer> (0x0000000086242430) thrown at [./open/src/hotspot/share/classfile/systemDictionary.cpp, line 227]
Event: 7.373 Thread 0x000001fbc9e64000 Exception <a 'java/lang/ClassNotFoundException'{0x000000008624faf0}: java/lang/ObjectCustomizer> (0x000000008624faf0) thrown at [./open/src/hotspot/share/classfile/systemDictionary.cpp, line 227]
Event: 7.373 Thread 0x000001fbc9e64000 Exception <a 'java/lang/ClassNotFoundException'{0x00000000862659a8}: org/springframework/jmx/export/metadata/AbstractJmxAttributeCustomizer> (0x00000000862659a8) thrown at [./open/src/hotspot/share/classfile/systemDictionary.cpp, line 227]
Event: 7.375 Thread 0x000001fbc9e64000 Exception <a 'java/lang/ClassNotFoundException'{0x000000008627abb8}: org/springframework/jmx/export/metadata/ManagedAttributeCustomizer> (0x000000008627abb8) thrown at [./open/src/hotspot/share/classfile/systemDictionary.cpp, line 227]
Event: 7.393 Thread 0x000001fbc9e64000 Exception <a 'java/lang/NoSuchMethodError'{0x00000000862bcd80}: java.lang.invoke.DirectMethodHandle$Holder.invokeSpecial(Ljava/lang/Object;Ljava/lang/Object;ILjava/lang/Object;ILjava/lang/Object;)Ljava/lang/Object;> (0x00000000862bcd80) thrown at [./open/
Event: 7.393 Thread 0x000001fbc9e64000 Exception <a 'java/lang/NoSuchMethodError'{0x00000000862c4260}: java.lang.invoke.DirectMethodHandle$Holder.invokeStatic(Ljava/lang/Object;Ljava/lang/Object;ILjava/lang/Object;I)Ljava/lang/Object;> (0x00000000862c4260) thrown at [./open/src/hotspot/share/i
Event: 7.394 Thread 0x000001fbc9e64000 Exception <a 'java/lang/NoSuchMethodError'{0x00000000862c7a38}: java.lang.invoke.DirectMethodHandle$Holder.invokeSpecial(Ljava/lang/Object;Ljava/lang/Object;Ljava/lang/Object;ILjava/lang/Object;I)Ljava/lang/Object;> (0x00000000862c7a38) thrown at [./open/
Event: 7.396 Thread 0x000001fbc9e64000 Exception <a 'java/lang/NoSuchMethodError'{0x00000000862d9028}: java.lang.invoke.DirectMethodHandle$Holder.invokeVirtual(Ljava/lang/Object;Ljava/lang/Object;)V> (0x00000000862d9028) thrown at [./open/src/hotspot/share/interpreter/linkResolver.cpp, line 77
Event: 7.628 Thread 0x000001fbc9e64000 Exception <a 'sun/nio/fs/WindowsException'{0x0000000085a64fe0}> (0x0000000085a64fe0) thrown at [./open/src/hotspot/share/prims/jni.cpp, line 611]

Events (10 events):
Event: 8.161 loading class com/fasterxml/jackson/core/util/JsonParserSequence done
Event: 8.162 loading class com/fasterxml/jackson/core/util/JsonParserDelegate
Event: 8.162 loading class com/fasterxml/jackson/core/util/JsonParserDelegate done
Event: 8.164 loading class com/fasterxml/jackson/databind/introspect/AnnotationCollector$OneAnnotation
Event: 8.164 loading class com/fasterxml/jackson/databind/introspect/AnnotationCollector$OneAnnotation done
Event: 8.167 loading class com/fasterxml/jackson/databind/deser/std/NumberDeserializers
Event: 8.167 loading class com/fasterxml/jackson/databind/deser/std/NumberDeserializers done
Event: 8.168 loading class com/fasterxml/jackson/databind/deser/std/NumberDeserializers$IntegerDeserializer
Event: 8.168 loading class com/fasterxml/jackson/databind/deser/std/NumberDeserializers$IntegerDeserializer done
Event: 8.168 Executing VM operation: G1CollectForAllocation


Dynamic libraries:
0x00007ff64ca80000 - 0x00007ff64ca8f000 	C:\Program Files\Java\jdk-11.0.13\bin\javaw.exe
0x00007ffa7ac10000 - 0x00007ffa7ae05000 	C:\Windows\SYSTEM32\ntdll.dll
0x00007ffa7a580000 - 0x00007ffa7a63d000 	C:\Windows\System32\KERNEL32.DLL
0x00007ffa78700000 - 0x00007ffa789cd000 	C:\Windows\System32\KERNELBASE.dll
0x00007ffa78320000 - 0x00007ffa78420000 	C:\Windows\System32\ucrtbase.dll
0x00007ffa620e0000 - 0x00007ffa620f8000 	C:\Program Files\Java\jdk-11.0.13\bin\jli.dll
0x00007ffa7a770000 - 0x00007ffa7a81e000 	C:\Windows\System32\ADVAPI32.dll
0x00007ffa7a850000 - 0x00007ffa7a8ee000 	C:\Windows\System32\msvcrt.dll
0x00007ffa7a1c0000 - 0x00007ffa7a25c000 	C:\Windows\System32\sechost.dll
0x00007ffa7a260000 - 0x00007ffa7a385000 	C:\Windows\System32\RPCRT4.dll
0x00007ffa7aa30000 - 0x00007ffa7abd0000 	C:\Windows\System32\USER32.dll
0x00007ffa78be0000 - 0x00007ffa78c02000 	C:\Windows\System32\win32u.dll
0x00007ffa7a820000 - 0x00007ffa7a84a000 	C:\Windows\System32\GDI32.dll
0x00007ffa78420000 - 0x00007ffa7852b000 	C:\Windows\System32\gdi32full.dll
0x00007ffa78b40000 - 0x00007ffa78bdd000 	C:\Windows\System32\msvcp_win.dll
0x00007ffa61b40000 - 0x00007ffa61b55000 	C:\Program Files\Java\jdk-11.0.13\bin\VCRUNTIME140.dll
0x00007ffa5a8c0000 - 0x00007ffa5ab5a000 	C:\Windows\WinSxS\amd64_microsoft.windows.common-controls_6595b64144ccf1df_6.0.19041.1110_none_60b5254171f9507e\COMCTL32.dll
0x00007ffa6fa40000 - 0x00007ffa6fa4a000 	C:\Windows\SYSTEM32\VERSION.dll
0x00007ffa78da0000 - 0x00007ffa78dd0000 	C:\Windows\System32\IMM32.DLL
0x00007ffa54800000 - 0x00007ffa5489b000 	C:\Program Files\Java\jdk-11.0.13\bin\msvcp140.dll
0x00007ffa3f520000 - 0x00007ffa40033000 	C:\Program Files\Java\jdk-11.0.13\bin\server\jvm.dll
0x00007ffa7a1b0000 - 0x00007ffa7a1b8000 	C:\Windows\System32\PSAPI.DLL
0x00007ffa65840000 - 0x00007ffa65849000 	C:\Windows\SYSTEM32\WSOCK32.dll
0x00007ffa7a510000 - 0x00007ffa7a57b000 	C:\Windows\System32\WS2_32.dll
0x00007ffa58c50000 - 0x00007ffa58c77000 	C:\Windows\SYSTEM32\WINMM.dll
0x00007ffa76200000 - 0x00007ffa76212000 	C:\Windows\SYSTEM32\kernel.appcore.dll
0x00007ffa71210000 - 0x00007ffa71220000 	C:\Program Files\Java\jdk-11.0.13\bin\verify.dll
0x00007ffa70e80000 - 0x00007ffa71064000 	C:\Windows\SYSTEM32\DBGHELP.DLL
0x00007ffa70e50000 - 0x00007ffa70e7c000 	C:\Windows\SYSTEM32\dbgcore.DLL
0x00007ffa78a00000 - 0x00007ffa78a82000 	C:\Windows\System32\bcryptPrimitives.dll
0x00007ffa61300000 - 0x00007ffa61328000 	C:\Program Files\Java\jdk-11.0.13\bin\java.dll
0x00007ffa65990000 - 0x00007ffa6599a000 	C:\Program Files\Java\jdk-11.0.13\bin\jimage.dll
0x00007ffa61b20000 - 0x00007ffa61b36000 	C:\Program Files\Java\jdk-11.0.13\bin\zip.dll
0x00007ffa795e0000 - 0x00007ffa79d24000 	C:\Windows\System32\SHELL32.dll
0x00007ffa76400000 - 0x00007ffa76b94000 	C:\Windows\SYSTEM32\windows.storage.dll
0x00007ffa78dd0000 - 0x00007ffa79124000 	C:\Windows\System32\combase.dll
0x00007ffa77bd0000 - 0x00007ffa77bfc000 	C:\Windows\SYSTEM32\Wldp.dll
0x00007ffa7a390000 - 0x00007ffa7a43d000 	C:\Windows\System32\SHCORE.dll
0x00007ffa79420000 - 0x00007ffa79475000 	C:\Windows\System32\shlwapi.dll
0x00007ffa78260000 - 0x00007ffa7827f000 	C:\Windows\SYSTEM32\profapi.dll
0x00007ffa61ab0000 - 0x00007ffa61ac9000 	C:\Program Files\Java\jdk-11.0.13\bin\net.dll
0x00007ffa6f4d0000 - 0x00007ffa6f5da000 	C:\Windows\SYSTEM32\WINHTTP.dll
0x00007ffa779b0000 - 0x00007ffa77a1a000 	C:\Windows\system32\mswsock.dll
0x00007ffa612e0000 - 0x00007ffa612f2000 	C:\Program Files\Java\jdk-11.0.13\bin\nio.dll
0x00007ffa65950000 - 0x00007ffa65959000 	C:\Program Files\Java\jdk-11.0.13\bin\management.dll
0x00007ffa65910000 - 0x00007ffa6591b000 	C:\Program Files\Java\jdk-11.0.13\bin\management_ext.dll
0x00007ffa5d120000 - 0x00007ffa5d137000 	C:\Windows\system32\napinsp.dll
0x00007ffa5d100000 - 0x00007ffa5d11b000 	C:\Windows\system32\pnrpnsp.dll
0x00007ffa5d0e0000 - 0x00007ffa5d0f5000 	C:\Windows\system32\wshbth.dll
0x00007ffa71620000 - 0x00007ffa7163d000 	C:\Windows\system32\NLAapi.dll
0x00007ffa776c0000 - 0x00007ffa776fb000 	C:\Windows\SYSTEM32\IPHLPAPI.DLL
0x00007ffa77700000 - 0x00007ffa777cb000 	C:\Windows\SYSTEM32\DNSAPI.dll
0x00007ffa7a640000 - 0x00007ffa7a648000 	C:\Windows\System32\NSI.dll
0x00007ffa5d0c0000 - 0x00007ffa5d0d2000 	C:\Windows\System32\winrnr.dll
0x00007ffa6eec0000 - 0x00007ffa6eeca000 	C:\Windows\System32\rasadhlp.dll
0x00007ffa6f450000 - 0x00007ffa6f4d0000 	C:\Windows\System32\fwpuclnt.dll
0x00007ffa789d0000 - 0x00007ffa789f7000 	C:\Windows\System32\bcrypt.dll
0x00007ffa77c10000 - 0x00007ffa77c28000 	C:\Windows\SYSTEM32\CRYPTSP.dll
0x00007ffa77350000 - 0x00007ffa77384000 	C:\Windows\system32\rsaenh.dll
0x00007ffa781e0000 - 0x00007ffa7820e000 	C:\Windows\SYSTEM32\USERENV.dll
0x00007ffa77b40000 - 0x00007ffa77b4c000 	C:\Windows\SYSTEM32\CRYPTBASE.dll
0x00007ffa70e30000 - 0x00007ffa70e47000 	C:\Windows\SYSTEM32\dhcpcsvc6.DLL
0x00007ffa70e10000 - 0x00007ffa70e2d000 	C:\Windows\SYSTEM32\dhcpcsvc.DLL
0x00007ffa5bdc0000 - 0x00007ffa5bde5000 	C:\Program Files\Java\jdk-11.0.13\bin\sunec.dll
0x00007ffa61da0000 - 0x00007ffa61dad000 	C:\Program Files\Java\jdk-11.0.13\bin\sunmscapi.dll
0x00007ffa78530000 - 0x00007ffa78686000 	C:\Windows\System32\CRYPT32.dll
0x00007ffa77d20000 - 0x00007ffa77d47000 	C:\Windows\SYSTEM32\ncrypt.dll
0x00007ffa77ce0000 - 0x00007ffa77d1b000 	C:\Windows\SYSTEM32\NTASN1.dll

dbghelp: loaded successfully - version: 4.0.5 - missing functions: none
symbol engine: initialized successfully - sym options: 0x614 - pdb path: .;C:\Program Files\Java\jdk-11.0.13\bin;C:\Windows\SYSTEM32;C:\Windows\WinSxS\amd64_microsoft.windows.common-controls_6595b64144ccf1df_6.0.19041.1110_none_60b5254171f9507e;C:\Program Files\Java\jdk-11.0.13\bin\server

VM Arguments:
jvm_args: -Dcom.sun.management.jmxremote -Dcom.sun.management.jmxremote.port=63273 -Dcom.sun.management.jmxremote.authenticate=false -Dcom.sun.management.jmxremote.ssl=false -Djava.rmi.server.hostname=localhost -Dspring.jmx.enabled=true -Dspring.application.admin.enabled=true -XX:TieredStopAtLevel=1 -Dspring.boot.project.name=EurekaDiscoveryClient-1 -Dfile.encoding=UTF-8 
java_command: com.demo.EurekaDiscoveryClient1Application --spring.output.ansi.enabled=always
java_class_path (initial): C:\Users\sfjbs\Documents\workspace-spring-tool-suite-4-4.14.1.RELEASE\EurekaDiscoveryClient-1\target\classes;C:\Users\sfjbs\.m2\repository\org\springframework\cloud\spring-cloud-starter-netflix-eureka-client\3.1.3-SNAPSHOT\spring-cloud-starter-netflix-eureka-client-3.1.3-SNAPSHOT.jar;C:\Users\sfjbs\.m2\repository\org\springframework\cloud\spring-cloud-starter\3.1.3-SNAPSHOT\spring-cloud-starter-3.1.3-SNAPSHOT.jar;C:\Users\sfjbs\.m2\repository\org\springframework\cloud\spring-cloud-context\3.1.3-SNAPSHOT\spring-cloud-context-3.1.3-SNAPSHOT.jar;C:\Users\sfjbs\.m2\repository\org\springframework\security\spring-security-crypto\5.7.1\spring-security-crypto-5.7.1.jar;C:\Users\sfjbs\.m2\repository\org\springframework\cloud\spring-cloud-commons\3.1.3-SNAPSHOT\spring-cloud-commons-3.1.3-SNAPSHOT.jar;C:\Users\sfjbs\.m2\repository\org\springframework\security\spring-security-rsa\1.0.10.RELEASE\spring-security-rsa-1.0.10.RELEASE.jar;C:\Users\sfjbs\.m2\repository\org\bouncycastle\bcpkix-jdk15on\1.68\bcpkix-jdk15on-1.68.jar;C:\Users\sfjbs\.m2\repository\org\bouncycastle\bcprov-jdk15on\1.68\bcprov-jdk15on-1.68.jar;C:\Users\sfjbs\.m2\repository\org\springframework\cloud\spring-cloud-netflix-eureka-client\3.1.3-SNAPSHOT\spring-cloud-netflix-eureka-client-3.1.3-SNAPSHOT.jar;C:\Users\sfjbs\.m2\repository\com\netflix\eureka\eureka-client\1.10.17\eureka-client-1.10.17.jar;C:\Users\sfjbs\.m2\repository\com\netflix\netflix-commons\netflix-eventbus\0.3.0\netflix-eventbus-0.3.0.jar;C:\Users\sfjbs\.m2\repository\com\netflix\netflix-commons\netflix-infix\0.3.0\netflix-infix-0.3.0.jar;C:\Users\sfjbs\.m2\repository\commons-jxpath\commons-jxpath\1.3\commons-jxpath-1.3.jar;C:\Users\sfjbs\.m2\repository\joda-time\joda-time\2.3\joda-time-2.3.jar;C:\Users\sfjbs\.m2\repository\org\antlr\antlr-runtime\3.4\antlr-runtime-3.4.jar;C:\Users\sfjbs\.m2\repository\org\antlr\stringtemplate\3.2.1\stringtemplate-3.2.1.jar;C:\Users\sfjbs\.m2\repository\antlr\antlr\2.7.7\antlr-2.7.7.ja
Launcher Type: SUN_STANDARD

[Global flags]
     intx CICompilerCount                          = 2                                         {product} {ergonomic}
     uint ConcGCThreads                            = 1                                         {product} {ergonomic}
     uint G1ConcRefinementThreads                  = 2                                         {product} {ergonomic}
   size_t G1HeapRegionSize                         = 1048576                                   {product} {ergonomic}
    uintx GCDrainStackTargetSize                   = 64                                        {product} {ergonomic}
   size_t InitialHeapSize                          = 134217728                                 {product} {ergonomic}
     bool ManagementServer                         = true                                      {product} {command line}
   size_t MarkStackSize                            = 4194304                                   {product} {ergonomic}
   size_t MaxHeapSize                              = 2147483648                                {product} {ergonomic}
   size_t MaxNewSize                               = 1287651328                                {product} {ergonomic}
   size_t MinHeapDeltaBytes                        = 1048576                                   {product} {ergonomic}
    uintx NonNMethodCodeHeapSize                   = 6396312                                {pd product} {ergonomic}
    uintx NonProfiledCodeHeapSize                  = 245261928                              {pd product} {ergonomic}
    uintx ProfiledCodeHeapSize                     = 0                                      {pd product} {ergonomic}
    uintx ReservedCodeCacheSize                    = 251658240                              {pd product} {ergonomic}
     bool SegmentedCodeCache                       = true                                      {product} {ergonomic}
     intx TieredStopAtLevel                        = 1                                         {product} {command line}
     bool UseCompressedClassPointers               = true                                 {lp64_product} {ergonomic}
     bool UseCompressedOops                        = true                                 {lp64_product} {ergonomic}
     bool UseG1GC                                  = true                                      {product} {ergonomic}
     bool UseLargePagesIndividualAllocation        = false                                  {pd product} {ergonomic}

Logging:
Log output configuration:
 #0: stdout all=warning uptime,level,tags
 #1: stderr all=off uptime,level,tags

Environment Variables:
PATH=C:/Users/sfjbs/Downloads/sts-4.14.1.RELEASE//plugins/org.eclipse.justj.openjdk.hotspot.jre.full.win32.x86_64_17.0.2.v20220201-1208/jre/bin/server;C:/Users/sfjbs/Downloads/sts-4.14.1.RELEASE//plugins/org.eclipse.justj.openjdk.hotspot.jre.full.win32.x86_64_17.0.2.v20220201-1208/jre/bin;C:\Program Files\Common Files\Oracle\Java\javapath;C:\Windows\system32;C:\Windows;C:\Windows\System32\Wbem;C:\Windows\System32\WindowsPowerShell\v1.0\;C:\Windows\System32\OpenSSH\;C:\Users\sfjbs\Downloads\javamicro-20220514T173935Z-001\javamicro\apache-maven-3.8.5-bin\apache-maven-3.8.5\bin;C:\Users\sfjbs\Downloads\javamicro-20220514T173935Z-001\javamicro\apache-maven-3.8.5-bin\apache-maven-3.8.5\lib;C:\Program Files\Docker\Docker\resources\bin;C:\ProgramData\DockerDesktop\version-bin;C:\Program Files\Git\cmd;C:\Program Files\MySQL\MySQL Shell 8.0\bin\;C:\Users\sfjbs\AppData\Local\Microsoft\WindowsApps;C:\Users\sfjbs\Downloads\javamicro-20220514T173935Z-001\javamicro\apache-maven-3.8.5-bin\apache-maven-3.8.5\bin;C:\Users\sfjbs\Downloads\javamicro-20220514T173935Z-001\javamicro\apache-maven-3.8.5-bin\apache-maven-3.8.5\lib;;C:\Program Files\JetBrains\IntelliJ IDEA Community Edition 2021.3.3\bin;;C:\Users\sfjbs\Downloads\sts-4.14.1.RELEASE;
USERNAME=sfjbs
OS=Windows_NT
PROCESSOR_IDENTIFIER=Intel64 Family 6 Model 85 Stepping 4, GenuineIntel



---------------  S Y S T E M  ---------------

OS: Windows 10 , 64 bit Build 19041 (10.0.19041.1706)
Hyper-V role detected

CPU:total 2 (initial active 2) (1 cores per cpu, 2 threads per core) family 6 model 85 stepping 4 microcode 0xffffffff, cmov, cx8, fxsr, mmx, sse, sse2, sse3, ssse3, sse4.1, sse4.2, popcnt, avx, avx2, aes, clmul, erms, rtm, 3dnowpref, lzcnt, ht, tsc, bmi1, bmi2, adx, fma

Memory: 4k page, system-wide physical 8190M (2198M free)
TotalPageFile size 10238M (AvailPageFile size 49M)
current process WorkingSet (physical memory assigned to process): 212M, peak: 212M
current process commit charge ("private bytes"): 282M, peak: 336M

vm_info: Java HotSpot(TM) 64-Bit Server VM (11.0.13+10-LTS-370) for windows-amd64 JRE (11.0.13+10-LTS-370), built on Sep 15 2021 22:10:36 by "mach5one" with MS VC++ 15.9 (VS2017)

END.
